<?xml version="1.0" encoding="UTF-8"?>
<!-- Generated by org.testng.reporters.JUnitXMLReporter -->
<testsuite hostname="IRONMAN" ignored="0" name="LambdaTest" tests="3" failures="0" timestamp="2022-01-30T21:15:03 IST" time="128.263" errors="0">
  <testcase name="test1" time="18.748" classname="com.mindtree.runners.LambdaTest"/>
  <testcase name="test2" time="58.351" classname="com.mindtree.runners.LambdaTest"/>
  <testcase name="test3" time="51.051" classname="com.mindtree.runners.LambdaTest"/>
</testsuite> <!-- LambdaTest -->
