<?xml version="1.0" encoding="UTF-8"?>
<testng-results skipped="0" failed="0" ignored="0" total="3" passed="3">
  <reporter-output>
  </reporter-output>
  <suite name="Default suite" duration-ms="86200" started-at="2022-01-30T23:09:49 IST" finished-at="2022-01-30T23:11:16 IST">
    <groups>
    </groups>
    <test name="Default test" duration-ms="86200" started-at="2022-01-30T23:09:49 IST" finished-at="2022-01-30T23:11:16 IST">
      <class name="com.mindtree.runners.LambdaTest">
        <test-method status="PASS" signature="test1()[pri:0, instance:com.mindtree.runners.LambdaTest@80503]" name="test1" duration-ms="18769" started-at="2022-01-30T23:09:50 IST" finished-at="2022-01-30T23:10:08 IST">
          <reporter-output>
          </reporter-output>
        </test-method> <!-- test1 -->
        <test-method status="PASS" signature="test2()[pri:0, instance:com.mindtree.runners.LambdaTest@80503]" name="test2" duration-ms="39807" started-at="2022-01-30T23:10:08 IST" finished-at="2022-01-30T23:10:48 IST">
          <reporter-output>
          </reporter-output>
        </test-method> <!-- test2 -->
        <test-method status="PASS" signature="test3()[pri:0, instance:com.mindtree.runners.LambdaTest@80503]" name="test3" duration-ms="27532" started-at="2022-01-30T23:10:48 IST" finished-at="2022-01-30T23:11:16 IST">
          <reporter-output>
          </reporter-output>
        </test-method> <!-- test3 -->
      </class> <!-- com.mindtree.runners.LambdaTest -->
    </test> <!-- Default test -->
  </suite> <!-- Default suite -->
</testng-results>
